[Tue Feb 10 21:40:32 2026] PHP 8.3.6 Development Server (http://localhost:8000) started
[Tue Feb 10 21:40:34 2026] [::1]:34002 Accepted
[Tue Feb 10 21:40:34 2026] [::1]:34002 Closing
[Tue Feb 10 21:41:34 2026] [::1]:41724 Accepted
[Tue Feb 10 21:41:34 2026] [::1]:41724 Closing
[Tue Feb 10 21:41:35 2026] [::1]:41728 Accepted
[Tue Feb 10 21:41:35 2026] [::1]:41728 Closing
[Tue Feb 10 21:41:35 2026] [::1]:41732 Accepted
[Tue Feb 10 21:41:35 2026] [::1]:41732 Closing
[Tue Feb 10 21:41:36 2026] [::1]:41742 Accepted
[Tue Feb 10 21:41:36 2026] [::1]:41742 Closing
[Tue Feb 10 21:41:36 2026] [::1]:41744 Accepted
[Tue Feb 10 21:41:36 2026] [::1]:41744 Closing
[Wed Feb 11 19:19:25 2026] [::1]:36496 Accepted
[Wed Feb 11 19:19:25 2026] [::1]:36496 Closing
[Wed Feb 11 19:19:26 2026] [::1]:36504 Accepted
[Wed Feb 11 19:19:26 2026] [::1]:36504 Closing
[Wed Feb 11 19:19:26 2026] [::1]:36516 Accepted
[Wed Feb 11 19:19:26 2026] [::1]:36516 Closing
[Wed Feb 11 19:19:26 2026] [::1]:36520 Accepted
[Wed Feb 11 19:19:26 2026] [::1]:36520 Closing
[Wed Feb 11 19:19:26 2026] [::1]:36534 Accepted
[Wed Feb 11 19:19:26 2026] [::1]:36534 Closing
[Wed Feb 11 19:19:26 2026] [::1]:36546 Accepted
[Wed Feb 11 19:19:26 2026] [::1]:36546 Closing
[Wed Feb 11 19:19:26 2026] [::1]:36558 Accepted
[Wed Feb 11 19:19:26 2026] [::1]:36558 Closing
[Wed Feb 11 19:19:26 2026] [::1]:36568 Accepted
[Wed Feb 11 19:19:26 2026] [::1]:36568 Closing
[Wed Feb 11 19:19:26 2026] [::1]:36580 Accepted
[Wed Feb 11 19:19:26 2026] [::1]:36580 Closing
[Wed Feb 11 19:19:26 2026] [::1]:36588 Accepted
[Wed Feb 11 19:19:26 2026] [::1]:36588 Closing
[Wed Feb 11 19:19:26 2026] [::1]:36602 Accepted
[Wed Feb 11 19:19:26 2026] [::1]:36602 Closing
[Wed Feb 11 19:19:26 2026] [::1]:36606 Accepted
[Wed Feb 11 19:19:26 2026] [::1]:36606 Closing
[Wed Feb 11 19:19:26 2026] [::1]:36610 Accepted
[Wed Feb 11 19:19:26 2026] [::1]:36610 Closing
[Wed Feb 11 19:19:26 2026] [::1]:36626 Accepted
[Wed Feb 11 19:19:26 2026] [::1]:36626 Closing
[Wed Feb 11 19:19:26 2026] [::1]:36640 Accepted
[Wed Feb 11 19:19:26 2026] [::1]:36640 Closing
[Wed Feb 11 19:19:26 2026] [::1]:36654 Accepted
[Wed Feb 11 19:19:26 2026] [::1]:36654 Closing
[Wed Feb 11 19:19:26 2026] [::1]:36660 Accepted
[Wed Feb 11 19:19:26 2026] [::1]:36660 Closing
[Wed Feb 11 19:19:26 2026] [::1]:36666 Accepted
[Wed Feb 11 19:19:26 2026] [::1]:36666 Closing
[Wed Feb 11 19:19:26 2026] [::1]:36670 Accepted
[Wed Feb 11 19:19:26 2026] [::1]:36670 Closing
[Wed Feb 11 19:19:26 2026] [::1]:36672 Accepted
[Wed Feb 11 19:19:26 2026] [::1]:36672 Closing
[Wed Feb 11 19:19:26 2026] [::1]:36682 Accepted
[Wed Feb 11 19:19:26 2026] [::1]:36682 Closing
[Wed Feb 11 19:20:46 2026] [::1]:40606 Accepted
[Wed Feb 11 19:20:46 2026] [::1]:40606 Closing
[Wed Feb 11 19:21:18 2026] [::1]:46272 Accepted
[Wed Feb 11 19:21:18 2026] [::1]:46272 [200]: GET /public/test_vars.php
[Wed Feb 11 19:21:18 2026] [::1]:46272 Closing
[Wed Feb 11 19:21:46 2026] [::1]:41300 Accepted
[Wed Feb 11 19:21:46 2026] [::1]:41300 Closing
[Wed Feb 11 19:22:34 2026] [::1]:40626 Accepted
[Wed Feb 11 19:22:34 2026] [::1]:40626 Closing
[Wed Feb 11 19:22:35 2026] [::1]:40632 Accepted
[Wed Feb 11 19:22:35 2026] [::1]:40632 Closing
[Wed Feb 11 19:22:35 2026] [::1]:40642 Accepted
[Wed Feb 11 19:22:35 2026] [::1]:40642 Closing
[Wed Feb 11 19:22:35 2026] [::1]:40648 Accepted
[Wed Feb 11 19:22:35 2026] [::1]:40648 Closing
[Wed Feb 11 19:22:36 2026] [::1]:40650 Accepted
[Wed Feb 11 19:22:36 2026] [::1]:40650 Closing
